<?xml version="1.0" encoding="UTF-8"?>
<testng-results skipped="0" failed="0" ignored="0" total="2" passed="2">
  <reporter-output>
  </reporter-output>
  <suite name="Regression Test Suite" duration-ms="15754" started-at="2022-07-06T00:23:27Z" finished-at="2022-07-06T00:23:43Z">
    <groups>
    </groups>
    <test name="Login" duration-ms="15754" started-at="2022-07-06T00:23:27Z" finished-at="2022-07-06T00:23:43Z">
      <class name="tests.Login">
        <test-method status="PASS" signature="initialize()[pri:0, instance:tests.Login@316bcf94]" name="initialize" is-config="true" duration-ms="3884" started-at="2022-07-06T00:23:27Z" finished-at="2022-07-06T00:23:31Z">
          <reporter-output>
          </reporter-output>
        </test-method> <!-- initialize -->
        <test-method status="PASS" signature="TC01_login_Attorney_Validation()[pri:1, instance:tests.Login@316bcf94]" name="TC01_login_Attorney_Validation" duration-ms="1483" started-at="2022-07-06T00:23:31Z" finished-at="2022-07-06T00:23:33Z">
          <reporter-output>
          </reporter-output>
        </test-method> <!-- TC01_login_Attorney_Validation -->
        <test-method status="PASS" signature="teardown()[pri:0, instance:tests.Login@316bcf94]" name="teardown" is-config="true" duration-ms="47" started-at="2022-07-06T00:23:33Z" finished-at="2022-07-06T00:23:33Z">
          <reporter-output>
          </reporter-output>
        </test-method> <!-- teardown -->
        <test-method status="PASS" signature="initialize()[pri:0, instance:tests.Login@316bcf94]" name="initialize" is-config="true" duration-ms="2395" started-at="2022-07-06T00:23:33Z" finished-at="2022-07-06T00:23:36Z">
          <reporter-output>
          </reporter-output>
        </test-method> <!-- initialize -->
        <test-method status="PASS" signature="TC06_logout_Validation()[pri:2, instance:tests.Login@316bcf94]" name="TC06_logout_Validation" duration-ms="6891" started-at="2022-07-06T00:23:36Z" finished-at="2022-07-06T00:23:42Z">
          <reporter-output>
          </reporter-output>
        </test-method> <!-- TC06_logout_Validation -->
        <test-method status="PASS" signature="teardown()[pri:0, instance:tests.Login@316bcf94]" name="teardown" is-config="true" duration-ms="40" started-at="2022-07-06T00:23:43Z" finished-at="2022-07-06T00:23:43Z">
          <reporter-output>
          </reporter-output>
        </test-method> <!-- teardown -->
      </class> <!-- tests.Login -->
    </test> <!-- Login -->
  </suite> <!-- Regression Test Suite -->
</testng-results>
