<?xml version="1.0" encoding="UTF-8"?>
<!-- Generated by org.testng.reporters.JUnitXMLReporter -->
<testsuite hostname="DESKTOP-LOF7LS6" ignored="0" name="Default test" tests="3" failures="0" timestamp="03 ago 2022 19:51:37 GMT" time="17.36" errors="0">
  <testcase name="TC01_login_Attorney_Validation" time="1.452" classname="tests.Login"/>
  <testcase name="TC02_validation_Wrong_Email" time="0.577" classname="tests.Login"/>
  <testcase name="TC06_logout_Validation" time="6.839" classname="tests.Login"/>
</testsuite> <!-- Default test -->
